<?xml version="1.0" encoding="UTF-8"?>
<testng-results skipped="0" failed="0" ignored="0" total="1" passed="1">
  <reporter-output>
  </reporter-output>
  <suite name="Default suite" duration-ms="3453" started-at="2020-03-23T08:17:36Z" finished-at="2020-03-23T08:17:39Z">
    <groups>
    </groups>
    <test name="Default test" duration-ms="3453" started-at="2020-03-23T08:17:36Z" finished-at="2020-03-23T08:17:39Z">
      <class name="responseSpecificationBuilder.RequestSpecBuilder_Exercise">
        <test-method status="PASS" signature="reqSpecBuilder()[pri:0, instance:responseSpecificationBuilder.RequestSpecBuilder_Exercise@14bf9759]" name="reqSpecBuilder" duration-ms="3402" started-at="2020-03-23T08:17:36Z" finished-at="2020-03-23T08:17:39Z">
          <reporter-output>
          </reporter-output>
        </test-method> <!-- reqSpecBuilder -->
      </class> <!-- responseSpecificationBuilder.RequestSpecBuilder_Exercise -->
    </test> <!-- Default test -->
  </suite> <!-- Default suite -->
</testng-results>
