<?xml version="1.0" encoding="UTF-8"?>
<!-- Generated by org.testng.reporters.JUnitXMLReporter -->
<testsuite hostname="Rohini-PC" ignored="0" name="Test" tests="3" failures="1" timestamp="20 Mar 2020 17:42:54 GMT" time="32.566" errors="0">
  <testcase name="method10" time="10.71" classname="jira.StaticExampleSimple2">
    <failure type="java.lang.NullPointerException">
      <![CDATA[java.lang.NullPointerException
at jira.StaticExampleSimple2.method10(StaticExampleSimple2.java:15)
... Removed 25 stack frames]]>
    </failure>
  </testcase> <!-- method10 -->
  <testcase name="method11" time="18.434" classname="jira.StaticExampleSimple2"/>
  <testcase name="method12" time="3.367" classname="jira.StaticExampleSimple2"/>
</testsuite> <!-- Test -->
